<?xml version="1.0" encoding="utf-8"?>
<coverage line-rate="0.26489999999999997" branch-rate="0.23149999999999998" version="1.9" timestamp="1747414402" lines-covered="182" lines-valid="687" branches-covered="94" branches-valid="406">
  <sources>
    <source>C:\Users\aljom\Documents\plugg\mjukvaruutveckling\Labb\chess_game\chess_game\chess_game\</source>
  </sources>
  <packages>
    <package name="chess_game" line-rate="0.26489999999999997" branch-rate="0.23149999999999998" complexity="435">
      <classes>
        <class name="ChessPiece" filename="Model\ChessPieces\ChessPiece.cs" line-rate="0.7" branch-rate="1" complexity="4">
          <methods>
            <method name="get_Color" signature="()" line-rate="1" branch-rate="1" complexity="1">
              <lines>
                <line number="5" hits="295" branch="False" />
              </lines>
            </method>
            <method name="get_Position" signature="()" line-rate="1" branch-rate="1" complexity="1">
              <lines>
                <line number="6" hits="327" branch="False" />
              </lines>
            </method>
            <method name="GetValidMoves" signature="(ChessPiece[0...,0...],System.Int32,System.Int32)" line-rate="0" branch-rate="1" complexity="1">
              <lines>
                <line number="19" hits="0" branch="False" />
                <line number="20" hits="0" branch="False" />
                <line number="21" hits="0" branch="False" />
              </lines>
            </method>
            <method name=".ctor" signature="(System.String,chess_game.Model.Position)" line-rate="1" branch-rate="1" complexity="1">
              <lines>
                <line number="8" hits="232" branch="False" />
                <line number="9" hits="232" branch="False" />
                <line number="10" hits="232" branch="False" />
                <line number="11" hits="232" branch="False" />
                <line number="12" hits="232" branch="False" />
              </lines>
            </method>
          </methods>
          <lines>
            <line number="5" hits="295" branch="False" />
            <line number="6" hits="327" branch="False" />
            <line number="19" hits="0" branch="False" />
            <line number="20" hits="0" branch="False" />
            <line number="21" hits="0" branch="False" />
            <line number="8" hits="232" branch="False" />
            <line number="9" hits="232" branch="False" />
            <line number="10" hits="232" branch="False" />
            <line number="11" hits="232" branch="False" />
            <line number="12" hits="232" branch="False" />
          </lines>
        </class>
        <class name="chess_game.App" filename="obj\Debug\net8.0-windows\App.g.cs" line-rate="0" branch-rate="1" complexity="1">
          <methods>
            <method name="InitializeComponent" signature="()" line-rate="0" branch-rate="1" complexity="1">
              <lines>
                <line number="49" hits="0" branch="False" />
              </lines>
            </method>
          </methods>
          <lines>
            <line number="49" hits="0" branch="False" />
          </lines>
        </class>
        <class name="chess_game.App" filename="App.xaml" line-rate="0" branch-rate="1" complexity="1">
          <methods>
            <method name="InitializeComponent" signature="()" line-rate="0" branch-rate="1" complexity="1">
              <lines>
                <line number="5" hits="0" branch="False" />
              </lines>
            </method>
          </methods>
          <lines>
            <line number="5" hits="0" branch="False" />
          </lines>
        </class>
        <class name="chess_game.MainWindow" filename="View\MainWindow.xaml.cs" line-rate="0.017" branch-rate="0" complexity="78">
          <methods>
            <method name="OnCheckmateOccurred" signature="(System.String)" line-rate="0" branch-rate="1" complexity="1">
              <lines>
                <line number="34" hits="0" branch="False" />
                <line number="35" hits="0" branch="False" />
                <line number="36" hits="0" branch="False" />
                <line number="37" hits="0" branch="False" />
              </lines>
            </method>
            <method name="BoardGrid_Click" signature="(System.Object,System.Windows.Input.MouseButtonEventArgs)" line-rate="0" branch-rate="0" complexity="18">
              <lines>
                <line number="40" hits="0" branch="False" />
                <line number="41" hits="0" branch="False" />
                <line number="43" hits="0" branch="True" condition-coverage="0% (0/2)">
                  <conditions>
                    <condition number="26" type="jump" coverage="0%" />
                  </conditions>
                </line>
                <line number="44" hits="0" branch="False" />
                <line number="45" hits="0" branch="False" />
                <line number="46" hits="0" branch="False" />
                <line number="48" hits="0" branch="True" condition-coverage="0% (0/8)">
                  <conditions>
                    <condition number="52" type="jump" coverage="0%" />
                    <condition number="56" type="jump" coverage="0%" />
                    <condition number="60" type="jump" coverage="0%" />
                    <condition number="73" type="jump" coverage="0%" />
                  </conditions>
                </line>
                <line number="49" hits="0" branch="False" />
                <line number="50" hits="0" branch="False" />
                <line number="52" hits="0" branch="True" condition-coverage="0% (0/2)">
                  <conditions>
                    <condition number="101" type="jump" coverage="0%" />
                  </conditions>
                </line>
                <line number="53" hits="0" branch="False" />
                <line number="54" hits="0" branch="False" />
                <line number="55" hits="0" branch="True" condition-coverage="0% (0/4)">
                  <conditions>
                    <condition number="126" type="jump" coverage="0%" />
                    <condition number="158" type="jump" coverage="0%" />
                  </conditions>
                </line>
                <line number="56" hits="0" branch="False" />
                <line number="57" hits="0" branch="False" />
                <line number="58" hits="0" branch="False" />
                <line number="59" hits="0" branch="False" />
                <line number="60" hits="0" branch="False" />
                <line number="61" hits="0" branch="False" />
                <line number="62" hits="0" branch="False" />
                <line number="64" hits="0" branch="False" />
                <line number="65" hits="0" branch="False" />
                <line number="67" hits="0" branch="True" condition-coverage="0% (0/2)">
                  <conditions>
                    <condition number="237" type="jump" coverage="0%" />
                  </conditions>
                </line>
                <line number="68" hits="0" branch="False" />
                <line number="69" hits="0" branch="False" />
                <line number="72" hits="0" branch="False" />
                <line number="73" hits="0" branch="False" />
                <line number="76" hits="0" branch="False" />
                <line number="77" hits="0" branch="False" />
                <line number="78" hits="0" branch="False" />
                <line number="79" hits="0" branch="False" />
                <line number="80" hits="0" branch="False" />
                <line number="81" hits="0" branch="False" />
              </lines>
            </method>
            <method name="AnimateMove" signature="(chess_game.Model.Position,chess_game.Model.Position)" line-rate="0" branch-rate="0" complexity="4">
              <lines>
                <line number="84" hits="0" branch="False" />
                <line number="85" hits="0" branch="False" />
                <line number="86" hits="0" branch="False" />
                <line number="87" hits="0" branch="True" condition-coverage="0% (0/2)">
                  <conditions>
                    <condition number="19" type="jump" coverage="0%" />
                  </conditions>
                </line>
                <line number="89" hits="0" branch="True" condition-coverage="0% (0/2)">
                  <conditions>
                    <condition number="63" type="jump" coverage="0%" />
                  </conditions>
                </line>
                <line number="90" hits="0" branch="False" />
                <line number="91" hits="0" branch="False" />
                <line number="92" hits="0" branch="False" />
                <line number="95" hits="0" branch="False" />
                <line number="96" hits="0" branch="False" />
                <line number="97" hits="0" branch="False" />
                <line number="99" hits="0" branch="False" />
                <line number="100" hits="0" branch="False" />
                <line number="102" hits="0" branch="False" />
                <line number="103" hits="0" branch="False" />
                <line number="104" hits="0" branch="False" />
                <line number="105" hits="0" branch="False" />
                <line number="107" hits="0" branch="False" />
                <line number="109" hits="0" branch="False" />
                <line number="110" hits="0" branch="False" />
                <line number="111" hits="0" branch="False" />
              </lines>
            </method>
            <method name="HighlightMoves" signature="(ChessPiece,System.Int32,System.Int32)" line-rate="0" branch-rate="0" complexity="6">
              <lines>
                <line number="114" hits="0" branch="False" />
                <line number="115" hits="0" branch="False" />
                <line number="116" hits="0" branch="True" condition-coverage="0% (0/2)">
                  <conditions>
                    <condition number="144" type="jump" coverage="0%" />
                  </conditions>
                </line>
                <line number="117" hits="0" branch="False" />
                <line number="118" hits="0" branch="False" />
                <line number="119" hits="0" branch="False" />
                <line number="121" hits="0" branch="False" />
                <line number="122" hits="0" branch="False" />
                <line number="123" hits="0" branch="True" condition-coverage="0% (0/2)">
                  <conditions>
                    <condition number="14" type="jump" coverage="0%" />
                  </conditions>
                </line>
                <line number="125" hits="0" branch="True" condition-coverage="0% (0/2)">
                  <conditions>
                    <condition number="114" type="jump" coverage="0%" />
                  </conditions>
                </line>
                <line number="126" hits="0" branch="False" />
                <line number="127" hits="0" branch="False" />
                <line number="128" hits="0" branch="False" />
                <line number="129" hits="0" branch="False" />
                <line number="130" hits="0" branch="False" />
              </lines>
            </method>
            <method name="ClearHighlights" signature="()" line-rate="0" branch-rate="0" complexity="10">
              <lines>
                <line number="133" hits="0" branch="False" />
                <line number="134" hits="0" branch="True" condition-coverage="0% (0/2)">
                  <conditions>
                    <condition number="236" type="jump" coverage="0%" />
                  </conditions>
                </line>
                <line number="135" hits="0" branch="False" />
                <line number="136" hits="0" branch="True" condition-coverage="0% (0/2)">
                  <conditions>
                    <condition number="199" type="jump" coverage="0%" />
                  </conditions>
                </line>
                <line number="137" hits="0" branch="False" />
                <line number="138" hits="0" branch="False" />
                <line number="139" hits="0" branch="False" />
                <line number="140" hits="0" branch="True" condition-coverage="0% (0/2)">
                  <conditions>
                    <condition number="19" type="jump" coverage="0%" />
                  </conditions>
                </line>
                <line number="142" hits="0" branch="True" condition-coverage="0% (0/2)">
                  <conditions>
                    <condition number="86" type="jump" coverage="0%" />
                  </conditions>
                </line>
                <line number="143" hits="0" branch="False" />
                <line number="144" hits="0" branch="False" />
                <line number="145" hits="0" branch="True" condition-coverage="0% (0/2)">
                  <conditions>
                    <condition number="117" type="jump" coverage="0%" />
                  </conditions>
                </line>
                <line number="146" hits="0" branch="False" />
                <line number="147" hits="0" branch="False" />
                <line number="148" hits="0" branch="False" />
                <line number="149" hits="0" branch="False" />
              </lines>
            </method>
            <method name="GetPieceImagePath" signature="(ChessPiece)" line-rate="0" branch-rate="0" complexity="14">
              <lines>
                <line number="152" hits="0" branch="False" />
                <line number="153" hits="0" branch="True" condition-coverage="0% (0/2)">
                  <conditions>
                    <condition number="17" type="jump" coverage="0%" />
                  </conditions>
                </line>
                <line number="154" hits="0" branch="True" condition-coverage="0% (0/12)">
                  <conditions>
                    <condition number="42" type="jump" coverage="0%" />
                    <condition number="50" type="jump" coverage="0%" />
                    <condition number="58" type="jump" coverage="0%" />
                    <condition number="66" type="jump" coverage="0%" />
                    <condition number="74" type="jump" coverage="0%" />
                    <condition number="82" type="jump" coverage="0%" />
                  </conditions>
                </line>
                <line number="155" hits="0" branch="False" />
                <line number="156" hits="0" branch="False" />
                <line number="157" hits="0" branch="False" />
                <line number="158" hits="0" branch="False" />
                <line number="159" hits="0" branch="False" />
                <line number="160" hits="0" branch="False" />
                <line number="161" hits="0" branch="False" />
                <line number="162" hits="0" branch="False" />
                <line number="163" hits="0" branch="False" />
                <line number="165" hits="0" branch="False" />
                <line number="166" hits="0" branch="False" />
                <line number="167" hits="0" branch="False" />
                <line number="168" hits="0" branch="False" />
              </lines>
            </method>
            <method name="DrawPieces" signature="()" line-rate="0" branch-rate="0" complexity="10">
              <lines>
                <line number="171" hits="0" branch="False" />
                <line number="173" hits="0" branch="False" />
                <line number="174" hits="0" branch="True" condition-coverage="0% (0/2)">
                  <conditions>
                    <condition number="68" type="jump" coverage="0%" />
                  </conditions>
                </line>
                <line number="175" hits="0" branch="False" />
                <line number="176" hits="0" branch="False" />
                <line number="177" hits="0" branch="False" />
                <line number="179" hits="0" branch="True" condition-coverage="0% (0/2)">
                  <conditions>
                    <condition number="332" type="jump" coverage="0%" />
                  </conditions>
                </line>
                <line number="180" hits="0" branch="False" />
                <line number="181" hits="0" branch="True" condition-coverage="0% (0/2)">
                  <conditions>
                    <condition number="314" type="jump" coverage="0%" />
                  </conditions>
                </line>
                <line number="182" hits="0" branch="False" />
                <line number="183" hits="0" branch="False" />
                <line number="184" hits="0" branch="True" condition-coverage="0% (0/2)">
                  <conditions>
                    <condition number="134" type="jump" coverage="0%" />
                  </conditions>
                </line>
                <line number="185" hits="0" branch="False" />
                <line number="186" hits="0" branch="False" />
                <line number="187" hits="0" branch="True" condition-coverage="0% (0/2)">
                  <conditions>
                    <condition number="164" type="jump" coverage="0%" />
                  </conditions>
                </line>
                <line number="189" hits="0" branch="False" />
                <line number="190" hits="0" branch="False" />
                <line number="191" hits="0" branch="False" />
                <line number="192" hits="0" branch="False" />
                <line number="193" hits="0" branch="False" />
                <line number="194" hits="0" branch="False" />
                <line number="195" hits="0" branch="False" />
                <line number="196" hits="0" branch="False" />
                <line number="198" hits="0" branch="False" />
                <line number="199" hits="0" branch="False" />
                <line number="200" hits="0" branch="False" />
                <line number="202" hits="0" branch="False" />
                <line number="203" hits="0" branch="False" />
                <line number="204" hits="0" branch="False" />
                <line number="205" hits="0" branch="False" />
                <line number="206" hits="0" branch="False" />
              </lines>
            </method>
            <method name="ResetGame" signature="()" line-rate="0" branch-rate="1" complexity="1">
              <lines>
                <line number="209" hits="0" branch="False" />
                <line number="210" hits="0" branch="False" />
                <line number="211" hits="0" branch="False" />
                <line number="212" hits="0" branch="False" />
              </lines>
            </method>
            <method name="OnPawnPromotion" signature="(chess_game.Model.Position)" line-rate="0" branch-rate="1" complexity="1">
              <lines>
                <line number="215" hits="0" branch="False" />
                <line number="217" hits="0" branch="False" />
                <line number="220" hits="0" branch="False" />
                <line number="221" hits="0" branch="False" />
                <line number="222" hits="0" branch="False" />
                <line number="223" hits="0" branch="False" />
                <line number="224" hits="0" branch="False" />
                <line number="226" hits="0" branch="False" />
                <line number="227" hits="0" branch="False" />
              </lines>
            </method>
            <method name="CheckForPawnPromotion" signature="(chess_game.Model.Position)" line-rate="0" branch-rate="0" complexity="10">
              <lines>
                <line number="230" hits="0" branch="False" />
                <line number="231" hits="0" branch="False" />
                <line number="234" hits="0" branch="True" condition-coverage="0% (0/10)">
                  <conditions>
                    <condition number="36" type="jump" coverage="0%" />
                    <condition number="54" type="jump" coverage="0%" />
                    <condition number="62" type="jump" coverage="0%" />
                    <condition number="80" type="jump" coverage="0%" />
                    <condition number="102" type="jump" coverage="0%" />
                  </conditions>
                </line>
                <line number="235" hits="0" branch="False" />
                <line number="236" hits="0" branch="False" />
                <line number="237" hits="0" branch="False" />
                <line number="238" hits="0" branch="False" />
              </lines>
            </method>
            <method name="TryMovePiece" signature="(chess_game.Model.Position,chess_game.Model.Position)" line-rate="0" branch-rate="0" complexity="2">
              <lines>
                <line number="242" hits="0" branch="False" />
                <line number="243" hits="0" branch="True" condition-coverage="0% (0/2)">
                  <conditions>
                    <condition number="43" type="jump" coverage="0%" />
                  </conditions>
                </line>
                <line number="244" hits="0" branch="False" />
                <line number="246" hits="0" branch="False" />
                <line number="247" hits="0" branch="False" />
                <line number="250" hits="0" branch="False" />
                <line number="253" hits="0" branch="False" />
                <line number="255" hits="0" branch="False" />
                <line number="257" hits="0" branch="False" />
                <line number="258" hits="0" branch="False" />
              </lines>
            </method>
            <method name=".ctor" signature="()" line-rate="0.3" branch-rate="1" complexity="1">
              <lines>
                <line number="20" hits="1" branch="False" />
                <line number="21" hits="1" branch="False" />
                <line number="24" hits="1" branch="False" />
                <line number="25" hits="0" branch="False" />
                <line number="26" hits="0" branch="False" />
                <line number="27" hits="0" branch="False" />
                <line number="28" hits="0" branch="False" />
                <line number="29" hits="0" branch="False" />
                <line number="30" hits="0" branch="False" />
                <line number="31" hits="0" branch="False" />
              </lines>
            </method>
          </methods>
          <lines>
            <line number="34" hits="0" branch="False" />
            <line number="35" hits="0" branch="False" />
            <line number="36" hits="0" branch="False" />
            <line number="37" hits="0" branch="False" />
            <line number="40" hits="0" branch="False" />
            <line number="41" hits="0" branch="False" />
            <line number="43" hits="0" branch="True" condition-coverage="0% (0/2)">
              <conditions>
                <condition number="26" type="jump" coverage="0%" />
              </conditions>
            </line>
            <line number="44" hits="0" branch="False" />
            <line number="45" hits="0" branch="False" />
            <line number="46" hits="0" branch="False" />
            <line number="48" hits="0" branch="True" condition-coverage="0% (0/8)">
              <conditions>
                <condition number="52" type="jump" coverage="0%" />
                <condition number="56" type="jump" coverage="0%" />
                <condition number="60" type="jump" coverage="0%" />
                <condition number="73" type="jump" coverage="0%" />
              </conditions>
            </line>
            <line number="49" hits="0" branch="False" />
            <line number="50" hits="0" branch="False" />
            <line number="52" hits="0" branch="True" condition-coverage="0% (0/2)">
              <conditions>
                <condition number="101" type="jump" coverage="0%" />
              </conditions>
            </line>
            <line number="53" hits="0" branch="False" />
            <line number="54" hits="0" branch="False" />
            <line number="55" hits="0" branch="True" condition-coverage="0% (0/4)">
              <conditions>
                <condition number="126" type="jump" coverage="0%" />
                <condition number="158" type="jump" coverage="0%" />
              </conditions>
            </line>
            <line number="56" hits="0" branch="False" />
            <line number="57" hits="0" branch="False" />
            <line number="58" hits="0" branch="False" />
            <line number="59" hits="0" branch="False" />
            <line number="60" hits="0" branch="False" />
            <line number="61" hits="0" branch="False" />
            <line number="62" hits="0" branch="False" />
            <line number="64" hits="0" branch="False" />
            <line number="65" hits="0" branch="False" />
            <line number="67" hits="0" branch="True" condition-coverage="0% (0/2)">
              <conditions>
                <condition number="237" type="jump" coverage="0%" />
              </conditions>
            </line>
            <line number="68" hits="0" branch="False" />
            <line number="69" hits="0" branch="False" />
            <line number="72" hits="0" branch="False" />
            <line number="73" hits="0" branch="False" />
            <line number="76" hits="0" branch="False" />
            <line number="77" hits="0" branch="False" />
            <line number="78" hits="0" branch="False" />
            <line number="79" hits="0" branch="False" />
            <line number="80" hits="0" branch="False" />
            <line number="81" hits="0" branch="False" />
            <line number="84" hits="0" branch="False" />
            <line number="85" hits="0" branch="False" />
            <line number="86" hits="0" branch="False" />
            <line number="87" hits="0" branch="True" condition-coverage="0% (0/2)">
              <conditions>
                <condition number="19" type="jump" coverage="0%" />
              </conditions>
            </line>
            <line number="89" hits="0" branch="True" condition-coverage="0% (0/2)">
              <conditions>
                <condition number="63" type="jump" coverage="0%" />
              </conditions>
            </line>
            <line number="90" hits="0" branch="False" />
            <line number="91" hits="0" branch="False" />
            <line number="92" hits="0" branch="False" />
            <line number="95" hits="0" branch="False" />
            <line number="96" hits="0" branch="False" />
            <line number="97" hits="0" branch="False" />
            <line number="99" hits="0" branch="False" />
            <line number="100" hits="0" branch="False" />
            <line number="102" hits="0" branch="False" />
            <line number="103" hits="0" branch="False" />
            <line number="104" hits="0" branch="False" />
            <line number="105" hits="0" branch="False" />
            <line number="107" hits="0" branch="False" />
            <line number="109" hits="0" branch="False" />
            <line number="110" hits="0" branch="False" />
            <line number="111" hits="0" branch="False" />
            <line number="114" hits="0" branch="False" />
            <line number="115" hits="0" branch="False" />
            <line number="116" hits="0" branch="True" condition-coverage="0% (0/2)">
              <conditions>
                <condition number="144" type="jump" coverage="0%" />
              </conditions>
            </line>
            <line number="117" hits="0" branch="False" />
            <line number="118" hits="0" branch="False" />
            <line number="119" hits="0" branch="False" />
            <line number="121" hits="0" branch="False" />
            <line number="122" hits="0" branch="False" />
            <line number="123" hits="0" branch="True" condition-coverage="0% (0/2)">
              <conditions>
                <condition number="14" type="jump" coverage="0%" />
              </conditions>
            </line>
            <line number="125" hits="0" branch="True" condition-coverage="0% (0/2)">
              <conditions>
                <condition number="114" type="jump" coverage="0%" />
              </conditions>
            </line>
            <line number="126" hits="0" branch="False" />
            <line number="127" hits="0" branch="False" />
            <line number="128" hits="0" branch="False" />
            <line number="129" hits="0" branch="False" />
            <line number="130" hits="0" branch="False" />
            <line number="133" hits="0" branch="False" />
            <line number="134" hits="0" branch="True" condition-coverage="0% (0/2)">
              <conditions>
                <condition number="236" type="jump" coverage="0%" />
              </conditions>
            </line>
            <line number="135" hits="0" branch="False" />
            <line number="136" hits="0" branch="True" condition-coverage="0% (0/2)">
              <conditions>
                <condition number="199" type="jump" coverage="0%" />
              </conditions>
            </line>
            <line number="137" hits="0" branch="False" />
            <line number="138" hits="0" branch="False" />
            <line number="139" hits="0" branch="False" />
            <line number="140" hits="0" branch="True" condition-coverage="0% (0/2)">
              <conditions>
                <condition number="19" type="jump" coverage="0%" />
              </conditions>
            </line>
            <line number="142" hits="0" branch="True" condition-coverage="0% (0/2)">
              <conditions>
                <condition number="86" type="jump" coverage="0%" />
              </conditions>
            </line>
            <line number="143" hits="0" branch="False" />
            <line number="144" hits="0" branch="False" />
            <line number="145" hits="0" branch="True" condition-coverage="0% (0/2)">
              <conditions>
                <condition number="117" type="jump" coverage="0%" />
              </conditions>
            </line>
            <line number="146" hits="0" branch="False" />
            <line number="147" hits="0" branch="False" />
            <line number="148" hits="0" branch="False" />
            <line number="149" hits="0" branch="False" />
            <line number="152" hits="0" branch="False" />
            <line number="153" hits="0" branch="True" condition-coverage="0% (0/2)">
              <conditions>
                <condition number="17" type="jump" coverage="0%" />
              </conditions>
            </line>
            <line number="154" hits="0" branch="True" condition-coverage="0% (0/12)">
              <conditions>
                <condition number="42" type="jump" coverage="0%" />
                <condition number="50" type="jump" coverage="0%" />
                <condition number="58" type="jump" coverage="0%" />
                <condition number="66" type="jump" coverage="0%" />
                <condition number="74" type="jump" coverage="0%" />
                <condition number="82" type="jump" coverage="0%" />
              </conditions>
            </line>
            <line number="155" hits="0" branch="False" />
            <line number="156" hits="0" branch="False" />
            <line number="157" hits="0" branch="False" />
            <line number="158" hits="0" branch="False" />
            <line number="159" hits="0" branch="False" />
            <line number="160" hits="0" branch="False" />
            <line number="161" hits="0" branch="False" />
            <line number="162" hits="0" branch="False" />
            <line number="163" hits="0" branch="False" />
            <line number="165" hits="0" branch="False" />
            <line number="166" hits="0" branch="False" />
            <line number="167" hits="0" branch="False" />
            <line number="168" hits="0" branch="False" />
            <line number="171" hits="0" branch="False" />
            <line number="173" hits="0" branch="False" />
            <line number="174" hits="0" branch="True" condition-coverage="0% (0/2)">
              <conditions>
                <condition number="68" type="jump" coverage="0%" />
              </conditions>
            </line>
            <line number="175" hits="0" branch="False" />
            <line number="176" hits="0" branch="False" />
            <line number="177" hits="0" branch="False" />
            <line number="179" hits="0" branch="True" condition-coverage="0% (0/2)">
              <conditions>
                <condition number="332" type="jump" coverage="0%" />
              </conditions>
            </line>
            <line number="180" hits="0" branch="False" />
            <line number="181" hits="0" branch="True" condition-coverage="0% (0/2)">
              <conditions>
                <condition number="314" type="jump" coverage="0%" />
              </conditions>
            </line>
            <line number="182" hits="0" branch="False" />
            <line number="183" hits="0" branch="False" />
            <line number="184" hits="0" branch="True" condition-coverage="0% (0/2)">
              <conditions>
                <condition number="134" type="jump" coverage="0%" />
              </conditions>
            </line>
            <line number="185" hits="0" branch="False" />
            <line number="186" hits="0" branch="False" />
            <line number="187" hits="0" branch="True" condition-coverage="0% (0/2)">
              <conditions>
                <condition number="164" type="jump" coverage="0%" />
              </conditions>
            </line>
            <line number="189" hits="0" branch="False" />
            <line number="190" hits="0" branch="False" />
            <line number="191" hits="0" branch="False" />
            <line number="192" hits="0" branch="False" />
            <line number="193" hits="0" branch="False" />
            <line number="194" hits="0" branch="False" />
            <line number="195" hits="0" branch="False" />
            <line number="196" hits="0" branch="False" />
            <line number="198" hits="0" branch="False" />
            <line number="199" hits="0" branch="False" />
            <line number="200" hits="0" branch="False" />
            <line number="202" hits="0" branch="False" />
            <line number="203" hits="0" branch="False" />
            <line number="204" hits="0" branch="False" />
            <line number="205" hits="0" branch="False" />
            <line number="206" hits="0" branch="False" />
            <line number="209" hits="0" branch="False" />
            <line number="210" hits="0" branch="False" />
            <line number="211" hits="0" branch="False" />
            <line number="212" hits="0" branch="False" />
            <line number="215" hits="0" branch="False" />
            <line number="217" hits="0" branch="False" />
            <line number="220" hits="0" branch="False" />
            <line number="221" hits="0" branch="False" />
            <line number="222" hits="0" branch="False" />
            <line number="223" hits="0" branch="False" />
            <line number="224" hits="0" branch="False" />
            <line number="226" hits="0" branch="False" />
            <line number="227" hits="0" branch="False" />
            <line number="230" hits="0" branch="False" />
            <line number="231" hits="0" branch="False" />
            <line number="234" hits="0" branch="True" condition-coverage="0% (0/10)">
              <conditions>
                <condition number="36" type="jump" coverage="0%" />
                <condition number="54" type="jump" coverage="0%" />
                <condition number="62" type="jump" coverage="0%" />
                <condition number="80" type="jump" coverage="0%" />
                <condition number="102" type="jump" coverage="0%" />
              </conditions>
            </line>
            <line number="235" hits="0" branch="False" />
            <line number="236" hits="0" branch="False" />
            <line number="237" hits="0" branch="False" />
            <line number="238" hits="0" branch="False" />
            <line number="242" hits="0" branch="False" />
            <line number="243" hits="0" branch="True" condition-coverage="0% (0/2)">
              <conditions>
                <condition number="43" type="jump" coverage="0%" />
              </conditions>
            </line>
            <line number="244" hits="0" branch="False" />
            <line number="246" hits="0" branch="False" />
            <line number="247" hits="0" branch="False" />
            <line number="250" hits="0" branch="False" />
            <line number="253" hits="0" branch="False" />
            <line number="255" hits="0" branch="False" />
            <line number="257" hits="0" branch="False" />
            <line number="258" hits="0" branch="False" />
            <line number="20" hits="1" branch="False" />
            <line number="21" hits="1" branch="False" />
            <line number="24" hits="1" branch="False" />
            <line number="25" hits="0" branch="False" />
            <line number="26" hits="0" branch="False" />
            <line number="27" hits="0" branch="False" />
            <line number="28" hits="0" branch="False" />
            <line number="29" hits="0" branch="False" />
            <line number="30" hits="0" branch="False" />
            <line number="31" hits="0" branch="False" />
          </lines>
        </class>
        <class name="chess_game.MainWindow" filename="View\MainWindow.xaml" line-rate="0" branch-rate="0" complexity="4">
          <methods>
            <method name="InitializeComponent" signature="()" line-rate="0" branch-rate="0" complexity="2">
              <lines>
                <line number="1" hits="0" branch="True" condition-coverage="0% (0/2)">
                  <conditions>
                    <condition number="9" type="jump" coverage="0%" />
                  </conditions>
                </line>
              </lines>
            </method>
            <method name="System.Windows.Markup.IComponentConnector.Connect" signature="(System.Int32,System.Object)" line-rate="0" branch-rate="0" complexity="2">
              <lines>
                <line number="5" hits="0" branch="True" condition-coverage="0% (0/2)">
                  <conditions>
                    <condition number="7" type="jump" coverage="0%" />
                  </conditions>
                </line>
              </lines>
            </method>
          </methods>
          <lines>
            <line number="1" hits="0" branch="True" condition-coverage="0% (0/2)">
              <conditions>
                <condition number="9" type="jump" coverage="0%" />
              </conditions>
            </line>
            <line number="5" hits="0" branch="True" condition-coverage="0% (0/2)">
              <conditions>
                <condition number="7" type="jump" coverage="0%" />
              </conditions>
            </line>
          </lines>
        </class>
        <class name="chess_game.View.PawnConverterWindow" filename="View\PawnConverterWindow.xaml.cs" line-rate="0" branch-rate="0" complexity="13">
          <methods>
            <method name="ConvertPawnButton_Click" signature="(System.Object,System.Windows.RoutedEventArgs)" line-rate="0" branch-rate="0" complexity="12">
              <lines>
                <line number="24" hits="0" branch="False" />
                <line number="25" hits="0" branch="True" condition-coverage="0% (0/2)">
                  <conditions>
                    <condition number="24" type="jump" coverage="0%" />
                  </conditions>
                </line>
                <line number="26" hits="0" branch="False" />
                <line number="27" hits="0" branch="False" />
                <line number="29" hits="0" branch="True" condition-coverage="0% (0/8)">
                  <conditions>
                    <condition number="57" type="jump" coverage="0%" />
                    <condition number="70" type="jump" coverage="0%" />
                    <condition number="83" type="jump" coverage="0%" />
                    <condition number="96" type="jump" coverage="0%" />
                  </conditions>
                </line>
                <line number="30" hits="0" branch="False" />
                <line number="31" hits="0" branch="False" />
                <line number="32" hits="0" branch="False" />
                <line number="33" hits="0" branch="False" />
                <line number="34" hits="0" branch="False" />
                <line number="35" hits="0" branch="False" />
                <line number="36" hits="0" branch="False" />
                <line number="38" hits="0" branch="True" condition-coverage="0% (0/2)">
                  <conditions>
                    <condition number="204" type="jump" coverage="0%" />
                  </conditions>
                </line>
                <line number="39" hits="0" branch="False" />
                <line number="40" hits="0" branch="False" />
                <line number="41" hits="0" branch="False" />
                <line number="42" hits="0" branch="False" />
                <line number="43" hits="0" branch="False" />
                <line number="45" hits="0" branch="False" />
                <line number="46" hits="0" branch="False" />
                <line number="47" hits="0" branch="False" />
                <line number="48" hits="0" branch="False" />
              </lines>
            </method>
            <method name=".ctor" signature="(chess_game.Model.ChessBoard,chess_game.Model.Position,System.String)" line-rate="0" branch-rate="1" complexity="1">
              <lines>
                <line number="14" hits="0" branch="False" />
                <line number="15" hits="0" branch="False" />
                <line number="16" hits="0" branch="False" />
                <line number="17" hits="0" branch="False" />
                <line number="18" hits="0" branch="False" />
                <line number="19" hits="0" branch="False" />
                <line number="20" hits="0" branch="False" />
              </lines>
            </method>
          </methods>
          <lines>
            <line number="24" hits="0" branch="False" />
            <line number="25" hits="0" branch="True" condition-coverage="0% (0/2)">
              <conditions>
                <condition number="24" type="jump" coverage="0%" />
              </conditions>
            </line>
            <line number="26" hits="0" branch="False" />
            <line number="27" hits="0" branch="False" />
            <line number="29" hits="0" branch="True" condition-coverage="0% (0/8)">
              <conditions>
                <condition number="57" type="jump" coverage="0%" />
                <condition number="70" type="jump" coverage="0%" />
                <condition number="83" type="jump" coverage="0%" />
                <condition number="96" type="jump" coverage="0%" />
              </conditions>
            </line>
            <line number="30" hits="0" branch="False" />
            <line number="31" hits="0" branch="False" />
            <line number="32" hits="0" branch="False" />
            <line number="33" hits="0" branch="False" />
            <line number="34" hits="0" branch="False" />
            <line number="35" hits="0" branch="False" />
            <line number="36" hits="0" branch="False" />
            <line number="38" hits="0" branch="True" condition-coverage="0% (0/2)">
              <conditions>
                <condition number="204" type="jump" coverage="0%" />
              </conditions>
            </line>
            <line number="39" hits="0" branch="False" />
            <line number="40" hits="0" branch="False" />
            <line number="41" hits="0" branch="False" />
            <line number="42" hits="0" branch="False" />
            <line number="43" hits="0" branch="False" />
            <line number="45" hits="0" branch="False" />
            <line number="46" hits="0" branch="False" />
            <line number="47" hits="0" branch="False" />
            <line number="48" hits="0" branch="False" />
            <line number="14" hits="0" branch="False" />
            <line number="15" hits="0" branch="False" />
            <line number="16" hits="0" branch="False" />
            <line number="17" hits="0" branch="False" />
            <line number="18" hits="0" branch="False" />
            <line number="19" hits="0" branch="False" />
            <line number="20" hits="0" branch="False" />
          </lines>
        </class>
        <class name="chess_game.View.PawnConverterWindow" filename="View\PawnConverterWindow.xaml" line-rate="0" branch-rate="0" complexity="6">
          <methods>
            <method name="InitializeComponent" signature="()" line-rate="0" branch-rate="0" complexity="2">
              <lines>
                <line number="1" hits="0" branch="True" condition-coverage="0% (0/2)">
                  <conditions>
                    <condition number="9" type="jump" coverage="0%" />
                  </conditions>
                </line>
              </lines>
            </method>
            <method name="System.Windows.Markup.IComponentConnector.Connect" signature="(System.Int32,System.Object)" line-rate="0" branch-rate="0" complexity="4">
              <lines>
                <line number="22" hits="0" branch="True" condition-coverage="0% (0/4)">
                  <conditions>
                    <condition number="8" type="switch" coverage="0%" />
                  </conditions>
                </line>
                <line number="25" hits="0" branch="False" />
              </lines>
            </method>
          </methods>
          <lines>
            <line number="1" hits="0" branch="True" condition-coverage="0% (0/2)">
              <conditions>
                <condition number="9" type="jump" coverage="0%" />
              </conditions>
            </line>
            <line number="22" hits="0" branch="True" condition-coverage="0% (0/4)">
              <conditions>
                <condition number="8" type="switch" coverage="0%" />
              </conditions>
            </line>
            <line number="25" hits="0" branch="False" />
          </lines>
        </class>
        <class name="chess_game.View.WinnerWindow" filename="View\WinnerWindow.xaml.cs" line-rate="0" branch-rate="0" complexity="3">
          <methods>
            <method name="WinnerWindow_Closed" signature="(System.Object,System.EventArgs)" line-rate="0" branch-rate="0" complexity="2">
              <lines>
                <line number="31" hits="0" branch="False" />
                <line number="33" hits="0" branch="True" condition-coverage="0% (0/2)">
                  <conditions>
                    <condition number="23" type="jump" coverage="0%" />
                  </conditions>
                </line>
                <line number="34" hits="0" branch="False" />
                <line number="35" hits="0" branch="False" />
                <line number="36" hits="0" branch="False" />
                <line number="37" hits="0" branch="False" />
              </lines>
            </method>
            <method name=".ctor" signature="(System.String)" line-rate="0" branch-rate="1" complexity="1">
              <lines>
                <line number="21" hits="0" branch="False" />
                <line number="22" hits="0" branch="False" />
                <line number="23" hits="0" branch="False" />
                <line number="24" hits="0" branch="False" />
                <line number="27" hits="0" branch="False" />
                <line number="28" hits="0" branch="False" />
              </lines>
            </method>
          </methods>
          <lines>
            <line number="31" hits="0" branch="False" />
            <line number="33" hits="0" branch="True" condition-coverage="0% (0/2)">
              <conditions>
                <condition number="23" type="jump" coverage="0%" />
              </conditions>
            </line>
            <line number="34" hits="0" branch="False" />
            <line number="35" hits="0" branch="False" />
            <line number="36" hits="0" branch="False" />
            <line number="37" hits="0" branch="False" />
            <line number="21" hits="0" branch="False" />
            <line number="22" hits="0" branch="False" />
            <line number="23" hits="0" branch="False" />
            <line number="24" hits="0" branch="False" />
            <line number="27" hits="0" branch="False" />
            <line number="28" hits="0" branch="False" />
          </lines>
        </class>
        <class name="chess_game.View.WinnerWindow" filename="View\WinnerWindow.xaml" line-rate="0" branch-rate="0" complexity="2">
          <methods>
            <method name="InitializeComponent" signature="()" line-rate="0" branch-rate="0" complexity="2">
              <lines>
                <line number="1" hits="0" branch="True" condition-coverage="0% (0/2)">
                  <conditions>
                    <condition number="9" type="jump" coverage="0%" />
                  </conditions>
                </line>
              </lines>
            </method>
          </methods>
          <lines>
            <line number="1" hits="0" branch="True" condition-coverage="0% (0/2)">
              <conditions>
                <condition number="9" type="jump" coverage="0%" />
              </conditions>
            </line>
          </lines>
        </class>
        <class name="chess_game.Model.ChessBoard" filename="Model\ChessBoard.cs" line-rate="0.5057" branch-rate="0.3653" complexity="108">
          <methods>
            <method name="get_Board" signature="()" line-rate="1" branch-rate="1" complexity="1">
              <lines>
                <line number="12" hits="414" branch="False" />
              </lines>
            </method>
            <method name="get_CurrentPlayer" signature="()" line-rate="1" branch-rate="1" complexity="1">
              <lines>
                <line number="13" hits="15" branch="False" />
              </lines>
            </method>
            <method name="InitializeBoard" signature="()" line-rate="1" branch-rate="1" complexity="4">
              <lines>
                <line number="22" hits="7" branch="False" />
                <line number="24" hits="7" branch="False" />
                <line number="27" hits="126" branch="True" condition-coverage="100% (2/2)">
                  <conditions>
                    <condition number="61" type="jump" coverage="100%" />
                  </conditions>
                </line>
                <line number="28" hits="56" branch="False" />
                <line number="29" hits="56" branch="False" />
                <line number="30" hits="56" branch="False" />
                <line number="33" hits="126" branch="True" condition-coverage="100% (2/2)">
                  <conditions>
                    <condition number="109" type="jump" coverage="100%" />
                  </conditions>
                </line>
                <line number="34" hits="56" branch="False" />
                <line number="35" hits="56" branch="False" />
                <line number="36" hits="56" branch="False" />
                <line number="39" hits="7" branch="False" />
                <line number="40" hits="7" branch="False" />
                <line number="43" hits="7" branch="False" />
                <line number="44" hits="7" branch="False" />
                <line number="47" hits="7" branch="False" />
                <line number="48" hits="7" branch="False" />
                <line number="49" hits="7" branch="False" />
                <line number="50" hits="7" branch="False" />
                <line number="53" hits="7" branch="False" />
                <line number="54" hits="7" branch="False" />
                <line number="55" hits="7" branch="False" />
                <line number="56" hits="7" branch="False" />
                <line number="59" hits="7" branch="False" />
                <line number="60" hits="7" branch="False" />
                <line number="63" hits="7" branch="False" />
                <line number="64" hits="7" branch="False" />
                <line number="65" hits="7" branch="False" />
              </lines>
            </method>
            <method name="TryMovePiece" signature="(chess_game.Model.Position,chess_game.Model.Position)" line-rate="0.3421" branch-rate="0.2096" complexity="62">
              <lines>
                <line number="68" hits="1" branch="False" />
                <line number="69" hits="1" branch="False" />
                <line number="70" hits="1" branch="True" condition-coverage="50% (2/4)">
                  <conditions>
                    <condition number="26" type="jump" coverage="50%" />
                    <condition number="50" type="jump" coverage="50%" />
                  </conditions>
                </line>
                <line number="71" hits="0" branch="False" />
                <line number="72" hits="0" branch="False" />
                <line number="76" hits="1" branch="True" condition-coverage="37.5% (3/8)">
                  <conditions>
                    <condition number="69" type="jump" coverage="50%" />
                    <condition number="77" type="jump" coverage="50%" />
                    <condition number="87" type="jump" coverage="0%" />
                    <condition number="108" type="jump" coverage="50%" />
                  </conditions>
                </line>
                <line number="77" hits="1" branch="False" />
                <line number="78" hits="1" branch="False" />
                <line number="80" hits="1" branch="False" />
                <line number="81" hits="1" branch="False" />
                <line number="82" hits="1" branch="False" />
                <line number="84" hits="1" branch="True" condition-coverage="50% (4/8)">
                  <conditions>
                    <condition number="163" type="jump" coverage="50%" />
                    <condition number="166" type="jump" coverage="50%" />
                    <condition number="174" type="jump" coverage="50%" />
                    <condition number="192" type="jump" coverage="50%" />
                  </conditions>
                </line>
                <line number="85" hits="1" branch="False" />
                <line number="87" hits="1" branch="True" condition-coverage="50% (2/4)">
                  <conditions>
                    <condition number="212" type="jump" coverage="50%" />
                    <condition number="238" type="jump" coverage="50%" />
                  </conditions>
                </line>
                <line number="88" hits="1" branch="False" />
                <line number="90" hits="1" branch="True" condition-coverage="50% (1/2)">
                  <conditions>
                    <condition number="263" type="jump" coverage="50%" />
                  </conditions>
                </line>
                <line number="91" hits="1" branch="False" />
                <line number="93" hits="1" branch="False" />
                <line number="94" hits="1" branch="False" />
                <line number="95" hits="1" branch="False" />
                <line number="97" hits="1" branch="False" />
                <line number="98" hits="1" branch="False" />
                <line number="99" hits="1" branch="False" />
                <line number="101" hits="1" branch="False" />
                <line number="102" hits="1" branch="False" />
                <line number="105" hits="1" branch="True" condition-coverage="50% (1/2)">
                  <conditions>
                    <condition number="392" type="jump" coverage="50%" />
                  </conditions>
                </line>
                <line number="107" hits="1" branch="False" />
                <line number="109" hits="0" branch="False" />
                <line number="110" hits="0" branch="False" />
                <line number="111" hits="0" branch="False" />
                <line number="113" hits="0" branch="True" condition-coverage="0% (0/4)">
                  <conditions>
                    <condition number="429" type="jump" coverage="0%" />
                    <condition number="447" type="jump" coverage="0%" />
                  </conditions>
                </line>
                <line number="114" hits="0" branch="False" />
                <line number="115" hits="0" branch="False" />
                <line number="116" hits="0" branch="False" />
                <line number="117" hits="0" branch="False" />
                <line number="119" hits="0" branch="True" condition-coverage="0% (0/8)">
                  <conditions>
                    <condition number="505" type="jump" coverage="0%" />
                    <condition number="509" type="jump" coverage="0%" />
                    <condition number="518" type="jump" coverage="0%" />
                    <condition number="537" type="jump" coverage="0%" />
                  </conditions>
                </line>
                <line number="120" hits="0" branch="False" />
                <line number="121" hits="0" branch="False" />
                <line number="123" hits="0" branch="True" condition-coverage="0% (0/6)">
                  <conditions>
                    <condition number="557" type="jump" coverage="0%" />
                    <condition number="573" type="jump" coverage="0%" />
                    <condition number="599" type="jump" coverage="0%" />
                  </conditions>
                </line>
                <line number="124" hits="0" branch="False" />
                <line number="126" hits="0" branch="True" condition-coverage="0% (0/2)">
                  <conditions>
                    <condition number="624" type="jump" coverage="0%" />
                  </conditions>
                </line>
                <line number="127" hits="0" branch="False" />
                <line number="129" hits="0" branch="False" />
                <line number="130" hits="0" branch="False" />
                <line number="131" hits="0" branch="False" />
                <line number="133" hits="0" branch="False" />
                <line number="134" hits="0" branch="False" />
                <line number="135" hits="0" branch="False" />
                <line number="137" hits="0" branch="False" />
                <line number="138" hits="0" branch="False" />
                <line number="141" hits="0" branch="True" condition-coverage="0% (0/2)">
                  <conditions>
                    <condition number="759" type="jump" coverage="0%" />
                  </conditions>
                </line>
                <line number="143" hits="0" branch="False" />
                <line number="145" hits="0" branch="False" />
                <line number="146" hits="0" branch="False" />
                <line number="147" hits="0" branch="False" />
                <line number="150" hits="0" branch="True" condition-coverage="0% (0/2)">
                  <conditions>
                    <condition number="802" type="jump" coverage="0%" />
                  </conditions>
                </line>
                <line number="151" hits="0" branch="False" />
                <line number="153" hits="0" branch="False" />
                <line number="154" hits="0" branch="False" />
                <line number="155" hits="0" branch="False" />
                <line number="156" hits="0" branch="False" />
                <line number="159" hits="0" branch="True" condition-coverage="0% (0/2)">
                  <conditions>
                    <condition number="905" type="jump" coverage="0%" />
                  </conditions>
                </line>
                <line number="160" hits="0" branch="False" />
                <line number="162" hits="0" branch="False" />
                <line number="163" hits="0" branch="False" />
                <line number="164" hits="0" branch="False" />
                <line number="165" hits="0" branch="False" />
                <line number="169" hits="0" branch="True" condition-coverage="0% (0/2)">
                  <conditions>
                    <condition number="987" type="jump" coverage="0%" />
                  </conditions>
                </line>
                <line number="172" hits="0" branch="True" condition-coverage="0% (0/2)">
                  <conditions>
                    <condition number="1023" type="jump" coverage="0%" />
                  </conditions>
                </line>
                <line number="173" hits="0" branch="False" />
                <line number="174" hits="0" branch="True" condition-coverage="0% (0/2)">
                  <conditions>
                    <condition number="1042" type="jump" coverage="0%" />
                  </conditions>
                </line>
                <line number="175" hits="0" branch="True" condition-coverage="0% (0/2)">
                  <conditions>
                    <condition number="1065" type="jump" coverage="0%" />
                  </conditions>
                </line>
                <line number="176" hits="0" branch="False" />
                <line number="178" hits="0" branch="False" />
                <line number="181" hits="0" branch="False" />
                <line number="182" hits="1" branch="False" />
              </lines>
            </method>
            <method name="IsMoveValid" signature="(ChessPiece,chess_game.Model.Position)" line-rate="0" branch-rate="1" complexity="1">
              <lines>
                <line number="184" hits="0" branch="False" />
                <line number="185" hits="0" branch="False" />
                <line number="186" hits="0" branch="False" />
              </lines>
            </method>
            <method name="IsKingInCheck" signature="(System.String)" line-rate="0.8787" branch-rate="0.875" complexity="24">
              <lines>
                <line number="188" hits="1" branch="False" />
                <line number="190" hits="1" branch="False" />
                <line number="191" hits="16" branch="True" condition-coverage="100% (2/2)">
                  <conditions>
                    <condition number="110" type="jump" coverage="100%" />
                  </conditions>
                </line>
                <line number="192" hits="8" branch="False" />
                <line number="193" hits="136" branch="True" condition-coverage="100% (2/2)">
                  <conditions>
                    <condition number="83" type="jump" coverage="100%" />
                  </conditions>
                </line>
                <line number="194" hits="61" branch="False" />
                <line number="195" hits="61" branch="False" />
                <line number="196" hits="61" branch="True" condition-coverage="100% (4/4)">
                  <conditions>
                    <condition number="35" type="jump" coverage="100%" />
                    <condition number="57" type="jump" coverage="100%" />
                  </conditions>
                </line>
                <line number="197" hits="1" branch="False" />
                <line number="198" hits="1" branch="False" />
                <line number="199" hits="1" branch="False" />
                <line number="201" hits="60" branch="False" />
                <line number="202" hits="9" branch="True" condition-coverage="100% (2/2)">
                  <conditions>
                    <condition number="93" type="jump" coverage="100%" />
                  </conditions>
                </line>
                <line number="203" hits="7" branch="False" />
                <line number="205" hits="1" branch="True" condition-coverage="50% (1/2)">
                  <conditions>
                    <condition number="120" type="jump" coverage="50%" />
                  </conditions>
                </line>
                <line number="206" hits="0" branch="False" />
                <line number="207" hits="0" branch="False" />
                <line number="211" hits="1" branch="True" condition-coverage="50% (1/2)">
                  <conditions>
                    <condition number="156" type="jump" coverage="50%" />
                  </conditions>
                </line>
                <line number="212" hits="18" branch="True" condition-coverage="100% (2/2)">
                  <conditions>
                    <condition number="283" type="jump" coverage="100%" />
                  </conditions>
                </line>
                <line number="213" hits="8" branch="False" />
                <line number="214" hits="144" branch="True" condition-coverage="100% (2/2)">
                  <conditions>
                    <condition number="265" type="jump" coverage="100%" />
                  </conditions>
                </line>
                <line number="215" hits="64" branch="False" />
                <line number="216" hits="64" branch="False" />
                <line number="217" hits="64" branch="True" condition-coverage="100% (4/4)">
                  <conditions>
                    <condition number="202" type="jump" coverage="100%" />
                    <condition number="224" type="jump" coverage="100%" />
                  </conditions>
                </line>
                <line number="218" hits="16" branch="False" />
                <line number="219" hits="16" branch="True" condition-coverage="50% (1/2)">
                  <conditions>
                    <condition number="240" type="jump" coverage="50%" />
                  </conditions>
                </line>
                <line number="220" hits="0" branch="False" />
                <line number="221" hits="0" branch="False" />
                <line number="223" hits="16" branch="False" />
                <line number="224" hits="64" branch="False" />
                <line number="225" hits="8" branch="False" />
                <line number="227" hits="1" branch="False" />
                <line number="228" hits="1" branch="False" />
              </lines>
            </method>
            <method name="IsCheckmate" signature="(System.String)" line-rate="0" branch-rate="0" complexity="14">
              <lines>
                <line number="230" hits="0" branch="False" />
                <line number="231" hits="0" branch="True" condition-coverage="0% (0/2)">
                  <conditions>
                    <condition number="13" type="jump" coverage="0%" />
                  </conditions>
                </line>
                <line number="232" hits="0" branch="False" />
                <line number="233" hits="0" branch="False" />
                <line number="237" hits="0" branch="True" condition-coverage="0% (0/2)">
                  <conditions>
                    <condition number="323" type="jump" coverage="0%" />
                  </conditions>
                </line>
                <line number="238" hits="0" branch="False" />
                <line number="239" hits="0" branch="True" condition-coverage="0% (0/2)">
                  <conditions>
                    <condition number="305" type="jump" coverage="0%" />
                  </conditions>
                </line>
                <line number="240" hits="0" branch="False" />
                <line number="241" hits="0" branch="False" />
                <line number="242" hits="0" branch="True" condition-coverage="0% (0/4)">
                  <conditions>
                    <condition number="56" type="jump" coverage="0%" />
                    <condition number="78" type="jump" coverage="0%" />
                  </conditions>
                </line>
                <line number="243" hits="0" branch="False" />
                <line number="244" hits="0" branch="False" />
                <line number="245" hits="0" branch="True" condition-coverage="0% (0/2)">
                  <conditions>
                    <condition number="269" type="jump" coverage="0%" />
                  </conditions>
                </line>
                <line number="246" hits="0" branch="False" />
                <line number="248" hits="0" branch="False" />
                <line number="249" hits="0" branch="False" />
                <line number="250" hits="0" branch="False" />
                <line number="252" hits="0" branch="False" />
                <line number="255" hits="0" branch="False" />
                <line number="256" hits="0" branch="False" />
                <line number="258" hits="0" branch="True" condition-coverage="0% (0/2)">
                  <conditions>
                    <condition number="254" type="jump" coverage="0%" />
                  </conditions>
                </line>
                <line number="259" hits="0" branch="False" />
                <line number="260" hits="0" branch="False" />
                <line number="262" hits="0" branch="False" />
                <line number="263" hits="0" branch="False" />
                <line number="264" hits="0" branch="False" />
                <line number="265" hits="0" branch="False" />
                <line number="267" hits="0" branch="False" />
                <line number="268" hits="0" branch="False" />
              </lines>
            </method>
            <method name=".ctor" signature="()" line-rate="1" branch-rate="1" complexity="1">
              <lines>
                <line number="15" hits="11" branch="False" />
                <line number="16" hits="11" branch="False" />
                <line number="17" hits="11" branch="False" />
                <line number="19" hits="11" branch="False" />
              </lines>
            </method>
          </methods>
          <lines>
            <line number="12" hits="414" branch="False" />
            <line number="13" hits="15" branch="False" />
            <line number="22" hits="7" branch="False" />
            <line number="24" hits="7" branch="False" />
            <line number="27" hits="126" branch="True" condition-coverage="100% (2/2)">
              <conditions>
                <condition number="61" type="jump" coverage="100%" />
              </conditions>
            </line>
            <line number="28" hits="56" branch="False" />
            <line number="29" hits="56" branch="False" />
            <line number="30" hits="56" branch="False" />
            <line number="33" hits="126" branch="True" condition-coverage="100% (2/2)">
              <conditions>
                <condition number="109" type="jump" coverage="100%" />
              </conditions>
            </line>
            <line number="34" hits="56" branch="False" />
            <line number="35" hits="56" branch="False" />
            <line number="36" hits="56" branch="False" />
            <line number="39" hits="7" branch="False" />
            <line number="40" hits="7" branch="False" />
            <line number="43" hits="7" branch="False" />
            <line number="44" hits="7" branch="False" />
            <line number="47" hits="7" branch="False" />
            <line number="48" hits="7" branch="False" />
            <line number="49" hits="7" branch="False" />
            <line number="50" hits="7" branch="False" />
            <line number="53" hits="7" branch="False" />
            <line number="54" hits="7" branch="False" />
            <line number="55" hits="7" branch="False" />
            <line number="56" hits="7" branch="False" />
            <line number="59" hits="7" branch="False" />
            <line number="60" hits="7" branch="False" />
            <line number="63" hits="7" branch="False" />
            <line number="64" hits="7" branch="False" />
            <line number="65" hits="7" branch="False" />
            <line number="68" hits="1" branch="False" />
            <line number="69" hits="1" branch="False" />
            <line number="70" hits="1" branch="True" condition-coverage="50% (2/4)">
              <conditions>
                <condition number="26" type="jump" coverage="50%" />
                <condition number="50" type="jump" coverage="50%" />
              </conditions>
            </line>
            <line number="71" hits="0" branch="False" />
            <line number="72" hits="0" branch="False" />
            <line number="76" hits="1" branch="True" condition-coverage="37.5% (3/8)">
              <conditions>
                <condition number="69" type="jump" coverage="50%" />
                <condition number="77" type="jump" coverage="50%" />
                <condition number="87" type="jump" coverage="0%" />
                <condition number="108" type="jump" coverage="50%" />
              </conditions>
            </line>
            <line number="77" hits="1" branch="False" />
            <line number="78" hits="1" branch="False" />
            <line number="80" hits="1" branch="False" />
            <line number="81" hits="1" branch="False" />
            <line number="82" hits="1" branch="False" />
            <line number="84" hits="1" branch="True" condition-coverage="50% (4/8)">
              <conditions>
                <condition number="163" type="jump" coverage="50%" />
                <condition number="166" type="jump" coverage="50%" />
                <condition number="174" type="jump" coverage="50%" />
                <condition number="192" type="jump" coverage="50%" />
              </conditions>
            </line>
            <line number="85" hits="1" branch="False" />
            <line number="87" hits="1" branch="True" condition-coverage="50% (2/4)">
              <conditions>
                <condition number="212" type="jump" coverage="50%" />
                <condition number="238" type="jump" coverage="50%" />
              </conditions>
            </line>
            <line number="88" hits="1" branch="False" />
            <line number="90" hits="1" branch="True" condition-coverage="50% (1/2)">
              <conditions>
                <condition number="263" type="jump" coverage="50%" />
              </conditions>
            </line>
            <line number="91" hits="1" branch="False" />
            <line number="93" hits="1" branch="False" />
            <line number="94" hits="1" branch="False" />
            <line number="95" hits="1" branch="False" />
            <line number="97" hits="1" branch="False" />
            <line number="98" hits="1" branch="False" />
            <line number="99" hits="1" branch="False" />
            <line number="101" hits="1" branch="False" />
            <line number="102" hits="1" branch="False" />
            <line number="105" hits="1" branch="True" condition-coverage="50% (1/2)">
              <conditions>
                <condition number="392" type="jump" coverage="50%" />
              </conditions>
            </line>
            <line number="107" hits="1" branch="False" />
            <line number="109" hits="0" branch="False" />
            <line number="110" hits="0" branch="False" />
            <line number="111" hits="0" branch="False" />
            <line number="113" hits="0" branch="True" condition-coverage="0% (0/4)">
              <conditions>
                <condition number="429" type="jump" coverage="0%" />
                <condition number="447" type="jump" coverage="0%" />
              </conditions>
            </line>
            <line number="114" hits="0" branch="False" />
            <line number="115" hits="0" branch="False" />
            <line number="116" hits="0" branch="False" />
            <line number="117" hits="0" branch="False" />
            <line number="119" hits="0" branch="True" condition-coverage="0% (0/8)">
              <conditions>
                <condition number="505" type="jump" coverage="0%" />
                <condition number="509" type="jump" coverage="0%" />
                <condition number="518" type="jump" coverage="0%" />
                <condition number="537" type="jump" coverage="0%" />
              </conditions>
            </line>
            <line number="120" hits="0" branch="False" />
            <line number="121" hits="0" branch="False" />
            <line number="123" hits="0" branch="True" condition-coverage="0% (0/6)">
              <conditions>
                <condition number="557" type="jump" coverage="0%" />
                <condition number="573" type="jump" coverage="0%" />
                <condition number="599" type="jump" coverage="0%" />
              </conditions>
            </line>
            <line number="124" hits="0" branch="False" />
            <line number="126" hits="0" branch="True" condition-coverage="0% (0/2)">
              <conditions>
                <condition number="624" type="jump" coverage="0%" />
              </conditions>
            </line>
            <line number="127" hits="0" branch="False" />
            <line number="129" hits="0" branch="False" />
            <line number="130" hits="0" branch="False" />
            <line number="131" hits="0" branch="False" />
            <line number="133" hits="0" branch="False" />
            <line number="134" hits="0" branch="False" />
            <line number="135" hits="0" branch="False" />
            <line number="137" hits="0" branch="False" />
            <line number="138" hits="0" branch="False" />
            <line number="141" hits="0" branch="True" condition-coverage="0% (0/2)">
              <conditions>
                <condition number="759" type="jump" coverage="0%" />
              </conditions>
            </line>
            <line number="143" hits="0" branch="False" />
            <line number="145" hits="0" branch="False" />
            <line number="146" hits="0" branch="False" />
            <line number="147" hits="0" branch="False" />
            <line number="150" hits="0" branch="True" condition-coverage="0% (0/2)">
              <conditions>
                <condition number="802" type="jump" coverage="0%" />
              </conditions>
            </line>
            <line number="151" hits="0" branch="False" />
            <line number="153" hits="0" branch="False" />
            <line number="154" hits="0" branch="False" />
            <line number="155" hits="0" branch="False" />
            <line number="156" hits="0" branch="False" />
            <line number="159" hits="0" branch="True" condition-coverage="0% (0/2)">
              <conditions>
                <condition number="905" type="jump" coverage="0%" />
              </conditions>
            </line>
            <line number="160" hits="0" branch="False" />
            <line number="162" hits="0" branch="False" />
            <line number="163" hits="0" branch="False" />
            <line number="164" hits="0" branch="False" />
            <line number="165" hits="0" branch="False" />
            <line number="169" hits="0" branch="True" condition-coverage="0% (0/2)">
              <conditions>
                <condition number="987" type="jump" coverage="0%" />
              </conditions>
            </line>
            <line number="172" hits="0" branch="True" condition-coverage="0% (0/2)">
              <conditions>
                <condition number="1023" type="jump" coverage="0%" />
              </conditions>
            </line>
            <line number="173" hits="0" branch="False" />
            <line number="174" hits="0" branch="True" condition-coverage="0% (0/2)">
              <conditions>
                <condition number="1042" type="jump" coverage="0%" />
              </conditions>
            </line>
            <line number="175" hits="0" branch="True" condition-coverage="0% (0/2)">
              <conditions>
[...]
                <line number="45" hits="0" branch="False" />
                <line number="46" hits="0" branch="True" condition-coverage="0% (0/4)">
                  <conditions>
                    <condition number="60" type="jump" coverage="0%" />
                    <condition number="74" type="jump" coverage="0%" />
                  </conditions>
                </line>
                <line number="48" hits="0" branch="False" />
                <line number="49" hits="0" branch="False" />
                <line number="51" hits="0" branch="True" condition-coverage="0% (0/2)">
                  <conditions>
                    <condition number="215" type="jump" coverage="0%" />
                  </conditions>
                </line>
                <line number="52" hits="0" branch="False" />
                <line number="53" hits="0" branch="True" condition-coverage="0% (0/2)">
                  <conditions>
                    <condition number="113" type="jump" coverage="0%" />
                  </conditions>
                </line>
                <line number="54" hits="0" branch="False" />
                <line number="55" hits="0" branch="False" />
                <line number="56" hits="0" branch="False" />
                <line number="58" hits="0" branch="False" />
                <line number="59" hits="0" branch="True" condition-coverage="0% (0/2)">
                  <conditions>
                    <condition number="166" type="jump" coverage="0%" />
                  </conditions>
                </line>
                <line number="60" hits="0" branch="False" />
                <line number="61" hits="0" branch="False" />
                <line number="64" hits="0" branch="False" />
                <line number="65" hits="0" branch="False" />
                <line number="66" hits="0" branch="False" />
                <line number="67" hits="0" branch="False" />
                <line number="68" hits="0" branch="False" />
                <line number="70" hits="0" branch="False" />
                <line number="71" hits="0" branch="False" />
              </lines>
            </method>
            <method name="IsInside" signature="(System.Int32,System.Int32)" line-rate="0" branch-rate="0" complexity="6">
              <lines>
                <line number="74" hits="0" branch="True" condition-coverage="0% (0/6)">
                  <conditions>
                    <condition number="2" type="jump" coverage="0%" />
                    <condition number="6" type="jump" coverage="0%" />
                    <condition number="10" type="jump" coverage="0%" />
                  </conditions>
                </line>
              </lines>
            </method>
            <method name=".ctor" signature="(System.String,chess_game.Model.Position)" line-rate="1" branch-rate="1" complexity="1">
              <lines>
                <line number="8" hits="42" branch="False" />
              </lines>
            </method>
          </methods>
          <lines>
            <line number="11" hits="1" branch="False" />
            <line number="12" hits="1" branch="False" />
            <line number="13" hits="1" branch="False" />
            <line number="15" hits="1" branch="True" condition-coverage="50% (3/6)">
              <conditions>
                <condition number="51" type="jump" coverage="50%" />
                <condition number="70" type="jump" coverage="50%" />
                <condition number="96" type="jump" coverage="50%" />
              </conditions>
            </line>
            <line number="16" hits="0" branch="False" />
            <line number="17" hits="0" branch="False" />
            <line number="18" hits="0" branch="False" />
            <line number="20" hits="0" branch="False" />
            <line number="21" hits="0" branch="False" />
            <line number="23" hits="0" branch="True" condition-coverage="0% (0/4)">
              <conditions>
                <condition number="258" type="jump" coverage="0%" />
                <condition number="236" type="jump" coverage="0%" />
              </conditions>
            </line>
            <line number="24" hits="0" branch="False" />
            <line number="25" hits="0" branch="True" condition-coverage="0% (0/2)">
              <conditions>
                <condition number="207" type="jump" coverage="0%" />
              </conditions>
            </line>
            <line number="26" hits="0" branch="False" />
            <line number="27" hits="0" branch="False" />
            <line number="28" hits="0" branch="False" />
            <line number="30" hits="0" branch="False" />
            <line number="31" hits="0" branch="True" condition-coverage="0% (0/2)">
              <conditions>
                <condition number="287" type="jump" coverage="0%" />
              </conditions>
            </line>
            <line number="34" hits="1" branch="False" />
            <line number="35" hits="1" branch="False" />
            <line number="38" hits="0" branch="False" />
            <line number="39" hits="0" branch="False" />
            <line number="40" hits="0" branch="False" />
            <line number="42" hits="0" branch="True" condition-coverage="0% (0/2)">
              <conditions>
                <condition number="244" type="jump" coverage="0%" />
              </conditions>
            </line>
            <line number="43" hits="0" branch="False" />
            <line number="44" hits="0" branch="True" condition-coverage="0% (0/2)">
              <conditions>
                <condition number="230" type="jump" coverage="0%" />
              </conditions>
            </line>
            <line number="45" hits="0" branch="False" />
            <line number="46" hits="0" branch="True" condition-coverage="0% (0/4)">
              <conditions>
                <condition number="60" type="jump" coverage="0%" />
                <condition number="74" type="jump" coverage="0%" />
              </conditions>
            </line>
            <line number="48" hits="0" branch="False" />
            <line number="49" hits="0" branch="False" />
            <line number="51" hits="0" branch="True" condition-coverage="0% (0/2)">
              <conditions>
                <condition number="215" type="jump" coverage="0%" />
              </conditions>
            </line>
            <line number="52" hits="0" branch="False" />
            <line number="53" hits="0" branch="True" condition-coverage="0% (0/2)">
              <conditions>
                <condition number="113" type="jump" coverage="0%" />
              </conditions>
            </line>
            <line number="54" hits="0" branch="False" />
            <line number="55" hits="0" branch="False" />
            <line number="56" hits="0" branch="False" />
            <line number="58" hits="0" branch="False" />
            <line number="59" hits="0" branch="True" condition-coverage="0% (0/2)">
              <conditions>
                <condition number="166" type="jump" coverage="0%" />
              </conditions>
            </line>
            <line number="60" hits="0" branch="False" />
            <line number="61" hits="0" branch="False" />
            <line number="64" hits="0" branch="False" />
            <line number="65" hits="0" branch="False" />
            <line number="66" hits="0" branch="False" />
            <line number="67" hits="0" branch="False" />
            <line number="68" hits="0" branch="False" />
            <line number="70" hits="0" branch="False" />
            <line number="71" hits="0" branch="False" />
            <line number="74" hits="0" branch="True" condition-coverage="0% (0/6)">
              <conditions>
                <condition number="2" type="jump" coverage="0%" />
                <condition number="6" type="jump" coverage="0%" />
                <condition number="10" type="jump" coverage="0%" />
              </conditions>
            </line>
            <line number="8" hits="42" branch="False" />
          </lines>
        </class>
        <class name="chess_game.Model.ChessPieces.Rook" filename="Model\ChessPieces\Rook.cs" line-rate="0.4489" branch-rate="0.5" complexity="36">
          <methods>
            <method name="get_HasMoved" signature="()" line-rate="1" branch-rate="1" complexity="1">
              <lines>
                <line number="9" hits="36" branch="False" />
              </lines>
            </method>
            <method name="IsMoveValid" signature="(chess_game.Model.Position,chess_game.Model.ChessBoard)" line-rate="1" branch-rate="0.85" complexity="20">
              <lines>
                <line number="11" hits="6" branch="False" />
                <line number="12" hits="6" branch="False" />
                <line number="13" hits="6" branch="False" />
                <line number="14" hits="6" branch="False" />
                <line number="15" hits="6" branch="False" />
                <line number="17" hits="6" branch="True" condition-coverage="100% (4/4)">
                  <conditions>
                    <condition number="41" type="jump" coverage="100%" />
                    <condition number="57" type="jump" coverage="100%" />
                  </conditions>
                </line>
                <line number="18" hits="3" branch="False" />
                <line number="20" hits="3" branch="True" condition-coverage="75% (3/4)">
                  <conditions>
                    <condition number="69" type="jump" coverage="100%" />
                    <condition number="73" type="jump" coverage="50%" />
                  </conditions>
                </line>
                <line number="21" hits="3" branch="True" condition-coverage="75% (3/4)">
                  <conditions>
                    <condition number="86" type="jump" coverage="100%" />
                    <condition number="90" type="jump" coverage="50%" />
                  </conditions>
                </line>
                <line number="23" hits="3" branch="False" />
                <line number="24" hits="3" branch="False" />
                <line number="26" hits="7" branch="True" condition-coverage="100% (4/4)">
                  <conditions>
                    <condition number="180" type="jump" coverage="100%" />
                    <condition number="163" type="jump" coverage="100%" />
                  </conditions>
                </line>
                <line number="27" hits="5" branch="False" />
                <line number="28" hits="6" branch="True" condition-coverage="100% (2/2)">
                  <conditions>
                    <condition number="138" type="jump" coverage="100%" />
                  </conditions>
                </line>
                <line number="30" hits="4" branch="False" />
                <line number="31" hits="4" branch="False" />
                <line number="32" hits="4" branch="False" />
                <line number="34" hits="2" branch="False" />
                <line number="35" hits="2" branch="True" condition-coverage="50% (1/2)">
                  <conditions>
                    <condition number="199" type="jump" coverage="50%" />
                  </conditions>
                </line>
                <line number="36" hits="6" branch="False" />
              </lines>
            </method>
            <method name="GetValidMoves" signature="(ChessPiece[0...,0...],System.Int32,System.Int32)" line-rate="0" branch-rate="0" complexity="8">
              <lines>
                <line number="39" hits="0" branch="False" />
                <line number="40" hits="0" branch="False" />
                <line number="41" hits="0" branch="False" />
                <line number="42" hits="0" branch="False" />
                <line number="43" hits="0" branch="False" />
                <line number="44" hits="0" branch="False" />
                <line number="46" hits="0" branch="True" condition-coverage="0% (0/2)">
                  <conditions>
                    <condition number="248" type="jump" coverage="0%" />
                  </conditions>
                </line>
                <line number="47" hits="0" branch="False" />
                <line number="48" hits="0" branch="False" />
                <line number="49" hits="0" branch="False" />
                <line number="51" hits="0" branch="True" condition-coverage="0% (0/2)">
                  <conditions>
                    <condition number="237" type="jump" coverage="0%" />
                  </conditions>
                </line>
                <line number="52" hits="0" branch="False" />
                <line number="53" hits="0" branch="True" condition-coverage="0% (0/2)">
                  <conditions>
                    <condition number="135" type="jump" coverage="0%" />
                  </conditions>
                </line>
                <line number="54" hits="0" branch="False" />
                <line number="55" hits="0" branch="False" />
                <line number="56" hits="0" branch="False" />
                <line number="58" hits="0" branch="False" />
                <line number="59" hits="0" branch="True" condition-coverage="0% (0/2)">
                  <conditions>
                    <condition number="188" type="jump" coverage="0%" />
                  </conditions>
                </line>
                <line number="60" hits="0" branch="False" />
                <line number="61" hits="0" branch="False" />
                <line number="64" hits="0" branch="False" />
                <line number="65" hits="0" branch="False" />
                <line number="66" hits="0" branch="False" />
                <line number="67" hits="0" branch="False" />
                <line number="69" hits="0" branch="False" />
                <line number="70" hits="0" branch="False" />
              </lines>
            </method>
            <method name="IsInside" signature="(System.Int32,System.Int32)" line-rate="0" branch-rate="0" complexity="6">
              <lines>
                <line number="73" hits="0" branch="True" condition-coverage="0% (0/6)">
                  <conditions>
                    <condition number="2" type="jump" coverage="0%" />
                    <condition number="6" type="jump" coverage="0%" />
                    <condition number="10" type="jump" coverage="0%" />
                  </conditions>
                </line>
              </lines>
            </method>
            <method name=".ctor" signature="(System.String,chess_game.Model.Position)" line-rate="1" branch-rate="1" complexity="1">
              <lines>
                <line number="8" hits="99" branch="False" />
              </lines>
            </method>
          </methods>
          <lines>
            <line number="9" hits="36" branch="False" />
            <line number="11" hits="6" branch="False" />
            <line number="12" hits="6" branch="False" />
            <line number="13" hits="6" branch="False" />
            <line number="14" hits="6" branch="False" />
            <line number="15" hits="6" branch="False" />
            <line number="17" hits="6" branch="True" condition-coverage="100% (4/4)">
              <conditions>
                <condition number="41" type="jump" coverage="100%" />
                <condition number="57" type="jump" coverage="100%" />
              </conditions>
            </line>
            <line number="18" hits="3" branch="False" />
            <line number="20" hits="3" branch="True" condition-coverage="75% (3/4)">
              <conditions>
                <condition number="69" type="jump" coverage="100%" />
                <condition number="73" type="jump" coverage="50%" />
              </conditions>
            </line>
            <line number="21" hits="3" branch="True" condition-coverage="75% (3/4)">
              <conditions>
                <condition number="86" type="jump" coverage="100%" />
                <condition number="90" type="jump" coverage="50%" />
              </conditions>
            </line>
            <line number="23" hits="3" branch="False" />
            <line number="24" hits="3" branch="False" />
            <line number="26" hits="7" branch="True" condition-coverage="100% (4/4)">
              <conditions>
                <condition number="180" type="jump" coverage="100%" />
                <condition number="163" type="jump" coverage="100%" />
              </conditions>
            </line>
            <line number="27" hits="5" branch="False" />
            <line number="28" hits="6" branch="True" condition-coverage="100% (2/2)">
              <conditions>
                <condition number="138" type="jump" coverage="100%" />
              </conditions>
            </line>
            <line number="30" hits="4" branch="False" />
            <line number="31" hits="4" branch="False" />
            <line number="32" hits="4" branch="False" />
            <line number="34" hits="2" branch="False" />
            <line number="35" hits="2" branch="True" condition-coverage="50% (1/2)">
              <conditions>
                <condition number="199" type="jump" coverage="50%" />
              </conditions>
            </line>
            <line number="36" hits="6" branch="False" />
            <line number="39" hits="0" branch="False" />
            <line number="40" hits="0" branch="False" />
            <line number="41" hits="0" branch="False" />
            <line number="42" hits="0" branch="False" />
            <line number="43" hits="0" branch="False" />
            <line number="44" hits="0" branch="False" />
            <line number="46" hits="0" branch="True" condition-coverage="0% (0/2)">
              <conditions>
                <condition number="248" type="jump" coverage="0%" />
              </conditions>
            </line>
            <line number="47" hits="0" branch="False" />
            <line number="48" hits="0" branch="False" />
            <line number="49" hits="0" branch="False" />
            <line number="51" hits="0" branch="True" condition-coverage="0% (0/2)">
              <conditions>
                <condition number="237" type="jump" coverage="0%" />
              </conditions>
            </line>
            <line number="52" hits="0" branch="False" />
            <line number="53" hits="0" branch="True" condition-coverage="0% (0/2)">
              <conditions>
                <condition number="135" type="jump" coverage="0%" />
              </conditions>
            </line>
            <line number="54" hits="0" branch="False" />
            <line number="55" hits="0" branch="False" />
            <line number="56" hits="0" branch="False" />
            <line number="58" hits="0" branch="False" />
            <line number="59" hits="0" branch="True" condition-coverage="0% (0/2)">
              <conditions>
                <condition number="188" type="jump" coverage="0%" />
              </conditions>
            </line>
            <line number="60" hits="0" branch="False" />
            <line number="61" hits="0" branch="False" />
            <line number="64" hits="0" branch="False" />
            <line number="65" hits="0" branch="False" />
            <line number="66" hits="0" branch="False" />
            <line number="67" hits="0" branch="False" />
            <line number="69" hits="0" branch="False" />
            <line number="70" hits="0" branch="False" />
            <line number="73" hits="0" branch="True" condition-coverage="0% (0/6)">
              <conditions>
                <condition number="2" type="jump" coverage="0%" />
                <condition number="6" type="jump" coverage="0%" />
                <condition number="10" type="jump" coverage="0%" />
              </conditions>
            </line>
            <line number="8" hits="99" branch="False" />
          </lines>
        </class>
      </classes>
    </package>
  </packages>
</coverage>